2021-06-25 21:51:20 -  - exec CUpdateClientPartner::SearchModulesEx
2021-06-25 21:51:20 -  - exec CUpdateClientPartner::__CollectRequestData
2021-06-25 21:51:20 -  - utf=Y&lang=ru&stable=Y&CANGZIP=Y&SUPD_DBS=MYSQL&XE=N&CLIENT_SITE=serv.ru&LICENSE_KEY=X&SUPD_STS=1&SUPD_URS=0&SUPD_URSA=1&TYPENC=D&CLIENT_PHPVER=7.4.5&NGINX=Y&dbv=10.3.22&instm=main%2C20.200.300%2CY%3Bb24connector%2C20.5.0%2CN%3Bbitrix.sitecorporate%2C15.5.0%2CN%3Bbitrixcloud%2C20.5.0%2CN%3Bclouds%2C20.100.0%2CN%3Bfileman%2C20.5.0%2CN%3Bhighloadblock%2C20.100.0%2CN%3Biblock%2C20.0.1150%2CN%3Blanding%2C20.4.850%2CN%3Bmessageservice%2C20.100.0%2CN%3Bperfmon%2C20.100.0%2CN%3Brest%2C20.50.150%2CN%3Bsearch%2C20.5.0%2CN%3Bseo%2C20.0.400%2CN%3Bsocialservices%2C20.0.500%2CN%3Btranslate%2C20.100.0%2CN%3Bui%2C20.5.887%2CN&search_module_id=&search_module=&search_category=7%2C14&search_type=&search_order=DESC&search_order_by=SORT&search_page=1&SUPD_SRS=RU&SUPD_CMP=N
2021-06-25 21:51:20 -  - exec CUpdateClientPartner::GetHTTPPage
2021-06-25 21:51:21 -  - TIME SearchModulesEx(request) 1.221 sec
2021-06-25 21:51:21 -  - exec CUpdateClientPartner::ParseServerData
2021-06-25 21:51:43 -  - exec CUpdateClientPartner::LoadModulesUpdates
2021-06-25 21:51:43 -  - exec CUpdateClientPartner::__CollectRequestData
2021-06-25 21:51:43 -  - utf=Y&lang=ru&stable=Y&CANGZIP=Y&SUPD_DBS=MYSQL&XE=N&CLIENT_SITE=serv.ru&LICENSE_KEY=X&SUPD_STS=1&SUPD_URS=0&SUPD_URSA=1&TYPENC=D&CLIENT_PHPVER=7.4.5&NGINX=Y&dbv=10.3.22&instm=main%2C20.200.300%2CY%3Bb24connector%2C20.5.0%2CN%3Bbitrix.sitecorporate%2C15.5.0%2CN%3Bbitrixcloud%2C20.5.0%2CN%3Bclouds%2C20.100.0%2CN%3Bfileman%2C20.5.0%2CN%3Bhighloadblock%2C20.100.0%2CN%3Biblock%2C20.0.1150%2CN%3Blanding%2C20.4.850%2CN%3Bmessageservice%2C20.100.0%2CN%3Bperfmon%2C20.100.0%2CN%3Brest%2C20.50.150%2CN%3Bsearch%2C20.5.0%2CN%3Bseo%2C20.0.400%2CN%3Bsocialservices%2C20.0.500%2CN%3Btranslate%2C20.100.0%2CN%3Bui%2C20.5.887%2CN&reqm=nsandrey.emptyinstall&lim=Y&SUPD_SRS=RU&SUPD_CMP=N
2021-06-25 21:51:43 -  - exec CUpdateClientPartner::GetHTTPPage
2021-06-25 21:51:44 -  - TIME LoadModulesUpdates(request) 0.285 sec
2021-06-25 21:51:44 -  - exec CUpdateClientPartner::ParseServerData
2021-06-25 21:51:44 - S - STEP
2021-06-25 21:51:44 - LM4W01 - loadModule4Wizard-Step
2021-06-25 21:51:44 -  - exec CUpdateClientPartner::LoadModulesUpdates
2021-06-25 21:51:44 -  - exec CUpdateClientPartner::ParseServerData
2021-06-25 21:51:44 -  - loadFile
2021-06-25 21:51:44 - U - RETURN
2021-06-25 21:51:44 -  - exec CUpdateClientPartner::UnGzipArchive
2021-06-25 21:51:44 -  - TIME UnGzipArchive 0.16 sec
2021-06-25 21:51:45 -  - TIME UpdateStepModules 0.115 sec
2021-06-25 21:51:45 -  - exec CUpdateClientPartner::LoadModulesUpdates
2021-06-25 21:51:45 -  - exec CUpdateClientPartner::__CollectRequestData
2021-06-25 21:51:45 -  - utf=Y&lang=ru&stable=Y&CANGZIP=Y&SUPD_DBS=MYSQL&XE=N&CLIENT_SITE=serv.ru&LICENSE_KEY=X&SUPD_STS=1&SUPD_URS=0&SUPD_URSA=1&TYPENC=D&CLIENT_PHPVER=7.4.5&NGINX=Y&dbv=10.3.22&instm=main%2C20.200.300%2CY%3Bb24connector%2C20.5.0%2CN%3Bbitrix.sitecorporate%2C15.5.0%2CN%3Bbitrixcloud%2C20.5.0%2CN%3Bclouds%2C20.100.0%2CN%3Bfileman%2C20.5.0%2CN%3Bhighloadblock%2C20.100.0%2CN%3Biblock%2C20.0.1150%2CN%3Blanding%2C20.4.850%2CN%3Bmessageservice%2C20.100.0%2CN%3Bnsandrey.emptyinstall%2C1.0.5%2CN%3Bperfmon%2C20.100.0%2CN%3Brest%2C20.50.150%2CN%3Bsearch%2C20.5.0%2CN%3Bseo%2C20.0.400%2CN%3Bsocialservices%2C20.0.500%2CN%3Btranslate%2C20.100.0%2CN%3Bui%2C20.5.887%2CN&reqm=nsandrey.emptyinstall&lim=Y&SUPD_SRS=RU&SUPD_CMP=N
2021-06-25 21:51:45 -  - exec CUpdateClientPartner::GetHTTPPage
2021-06-25 21:51:45 -  - TIME LoadModulesUpdates(request) 0.235 sec
2021-06-25 21:51:45 -  - exec CUpdateClientPartner::ParseServerData
2021-06-25 21:51:45 - STEP - Finish - NOUPDATES
2021-06-25 21:51:45 - LM4W03 - Finish - NOUPDATES
2021-06-25 21:53:01 -  - exec CUpdateClientPartner::__CollectRequestData
2021-06-25 21:53:01 -  - exec CUpdateClientPartner::GetHTTPPage
2021-06-25 21:53:01 -  - exec CUpdateClientPartner::ParseServerData
2021-06-25 21:53:01 -  - exec CUpdateClientPartner::GetUpdatesList
2021-06-25 21:53:01 -  - exec CUpdateClientPartner::__CollectRequestData
2021-06-25 21:53:01 -  - utf=Y&lang=ru&stable=Y&CANGZIP=Y&SUPD_DBS=MYSQL&XE=N&CLIENT_SITE=serv.ru&LICENSE_KEY=X&SUPD_STS=1&SUPD_URS=0&SUPD_URSA=1&TYPENC=D&CLIENT_PHPVER=7.4.5&NGINX=Y&dbv=10.3.22&instm=main%2C20.200.300%2CY%3Bb24connector%2C20.5.0%2CN%3Bbitrix.sitecorporate%2C15.5.0%2CN%3Bbitrixcloud%2C20.5.0%2CN%3Bclouds%2C20.100.0%2CN%3Bfileman%2C20.5.0%2CN%3Bhighloadblock%2C20.100.0%2CN%3Biblock%2C20.0.1150%2CN%3Blanding%2C20.4.850%2CN%3Bmessageservice%2C20.100.0%2CN%3Bnsandrey.emptyinstall%2C1.0.5%2CN%3Bperfmon%2C20.100.0%2CN%3Brest%2C20.50.150%2CN%3Bsearch%2C20.5.0%2CN%3Bseo%2C20.0.400%2CN%3Bsocialservices%2C20.0.500%2CN%3Btranslate%2C20.100.0%2CN%3Bui%2C20.5.887%2CN&reqm=bitrix.sitecorporate%2Cnsandrey.emptyinstall&fullmoduleinfo=Y&SUPD_SRS=RU&SUPD_CMP=N
2021-06-25 21:53:01 -  - exec CUpdateClientPartner::GetHTTPPage
2021-06-25 21:53:01 -  - TIME GetUpdatesList(request) 0.277 sec
2021-06-25 21:53:01 -  - exec CUpdateClientPartner::ParseServerData
2021-06-25 21:53:01 -  - exec CUpdateClientPartner::__CollectRequestData
2021-06-25 21:53:01 -  - exec CUpdateClientPartner::GetHTTPPage
2021-06-25 21:53:02 -  - exec CUpdateClientPartner::ParseServerData
2021-06-27 11:11:13 -  - exec CUpdateClientPartner::__CollectRequestData
2021-06-27 11:11:13 -  - exec CUpdateClientPartner::GetHTTPPage
2021-06-27 11:11:14 -  - exec CUpdateClientPartner::ParseServerData
2021-06-27 11:11:14 -  - exec CUpdateClientPartner::GetUpdatesList
2021-06-27 11:11:14 -  - exec CUpdateClientPartner::__CollectRequestData
2021-06-27 11:11:14 -  - utf=Y&lang=ru&stable=Y&CANGZIP=Y&SUPD_DBS=MYSQL&XE=N&CLIENT_SITE=serv.ru&LICENSE_KEY=X&SUPD_STS=1&SUPD_URS=0&SUPD_URSA=1&TYPENC=D&CLIENT_PHPVER=7.4.5&NGINX=Y&dbv=10.3.22&instm=main%2C20.200.300%2CY%3Bb24connector%2C20.5.0%2CN%3Bbitrix.sitecorporate%2C15.5.0%2CN%3Bbitrixcloud%2C20.5.0%2CN%3Bclouds%2C20.100.0%2CN%3Bfileman%2C20.5.0%2CN%3Bhighloadblock%2C20.100.0%2CN%3Biblock%2C20.0.1150%2CN%3Blanding%2C20.4.850%2CN%3Bmessageservice%2C20.100.0%2CN%3Bnsandrey.emptyinstall%2C1.0.5%2CN%3Bperfmon%2C20.100.0%2CN%3Brest%2C20.50.150%2CN%3Bsearch%2C20.5.0%2CN%3Bseo%2C20.0.400%2CN%3Bsocialservices%2C20.0.500%2CN%3Btranslate%2C20.100.0%2CN%3Bui%2C20.5.887%2CN&reqm=bitrix.sitecorporate%2Cnsandrey.emptyinstall&fullmoduleinfo=Y&SUPD_SRS=RU&SUPD_CMP=N
2021-06-27 11:11:14 -  - exec CUpdateClientPartner::GetHTTPPage
2021-06-27 11:11:14 -  - TIME GetUpdatesList(request) 0.389 sec
2021-06-27 11:11:14 -  - exec CUpdateClientPartner::ParseServerData
2021-06-27 11:11:14 -  - exec CUpdateClientPartner::__CollectRequestData
2021-06-27 11:11:14 -  - exec CUpdateClientPartner::GetHTTPPage
2021-06-27 11:11:15 -  - exec CUpdateClientPartner::ParseServerData
